<?xml version="1.0" encoding="UTF-8"?>
<!-- Generated by org.testng.reporters.JUnitReportReporter -->
<testsuite hostname="HISPLs-Mac-mini.local" failures="0" tests="1" name="iOSSafari.SafariReponsive" time="19.115" errors="0" timestamp="2024-06-17T10:31:46 IST" skipped="0">
  <testcase classname="iOSSafari.SafariReponsive" name="safariTest" time="19.115"/>
  <system-out/>
</testsuite> <!-- iOSSafari.SafariReponsive -->
