<?xml version="1.0" encoding="UTF-8"?>
<!-- Generated by org.testng.reporters.JUnitReportReporter -->
<testsuite hostname="HISPLs-Mac-mini.local" failures="0" tests="1" name="iOSSafari.whiteReponsive" time="27.430" errors="0" timestamp="2024-06-17T17:52:23 IST" skipped="0">
  <testcase classname="iOSSafari.whiteReponsive" name="safariTest" time="27.430"/>
  <system-out/>
</testsuite> <!-- iOSSafari.whiteReponsive -->
