<?xml version="1.0" encoding="UTF-8"?>
<!-- Generated by org.testng.reporters.JUnitReportReporter -->
<testsuite hostname="HIS" failures="0" tests="2" name="mobileResponsiveWhite.MobileResponsivness" time="115.072" errors="0" timestamp="2024-05-21T18:02:06 IST" skipped="0">
  <testcase classname="mobileResponsiveWhite.MobileResponsivness" name="mobileResponsiveCmLBS" time="56.094"/>
  <system-out/>
  <testcase classname="mobileResponsiveWhite.MobileResponsivness" name="mobileResponsiveFtKG" time="58.978"/>
  <system-out/>
</testsuite> <!-- mobileResponsiveWhite.MobileResponsivness -->
