<?xml version="1.0" encoding="UTF-8"?>
<!-- Generated by org.testng.reporters.JUnitReportReporter -->
<testsuite hostname="DESKTOP-VLL4BOI" failures="0" tests="2" name="mobileResponsiveWhite.MobileResponsivness" time="103.929" errors="0" timestamp="2024-06-05T17:30:45 IST" skipped="0">
  <testcase classname="mobileResponsiveWhite.MobileResponsivness" name="mobileResponsiveCmLBS" time="51.816"/>
  <system-out/>
  <testcase classname="mobileResponsiveWhite.MobileResponsivness" name="mobileResponsiveFtKG" time="52.113"/>
  <system-out/>
</testsuite> <!-- mobileResponsiveWhite.MobileResponsivness -->
